<?xml version="1.0" encoding="UTF-8"?>
<coverage generated="1660474785334" clover="3.2.0">
  <project timestamp="1660474785334" name="All files">
    <metrics statements="75" coveredstatements="47" conditionals="19" coveredconditionals="10" methods="34" coveredmethods="20" elements="128" coveredelements="77" complexity="0" loc="75" ncloc="75" packages="8" files="15" classes="15"/>
    <package name="api.src.graphql">
      <metrics statements="1" coveredstatements="0" conditionals="0" coveredconditionals="0" methods="0" coveredmethods="0"/>
      <file name="comments.sdl.js" path="/Users/josiahayres/GitHub/redwood-tutorial/api/src/graphql/comments.sdl.js">
        <metrics statements="1" coveredstatements="0" conditionals="0" coveredconditionals="0" methods="0" coveredmethods="0"/>
        <line num="1" count="0" type="stmt"/>
      </file>
    </package>
    <package name="api.src.services.comments">
      <metrics statements="12" coveredstatements="9" conditionals="0" coveredconditionals="0" methods="5" coveredmethods="2"/>
      <file name="comments.scenarios.js" path="/Users/josiahayres/GitHub/redwood-tutorial/api/src/services/comments/comments.scenarios.js">
        <metrics statements="2" coveredstatements="2" conditionals="0" coveredconditionals="0" methods="0" coveredmethods="0"/>
        <line num="1" count="1" type="stmt"/>
        <line num="30" count="1" type="stmt"/>
      </file>
      <file name="comments.ts" path="/Users/josiahayres/GitHub/redwood-tutorial/api/src/services/comments/comments.ts">
        <metrics statements="10" coveredstatements="7" conditionals="0" coveredconditionals="0" methods="5" coveredmethods="2"/>
        <line num="7" count="1" type="stmt"/>
        <line num="8" count="1" type="stmt"/>
        <line num="11" count="1" type="stmt"/>
        <line num="12" count="0" type="stmt"/>
        <line num="17" count="1" type="stmt"/>
        <line num="19" count="0" type="stmt"/>
        <line num="26" count="1" type="stmt"/>
        <line num="27" count="1" type="stmt"/>
        <line num="32" count="1" type="stmt"/>
        <line num="33" count="0" type="stmt"/>
      </file>
    </package>
    <package name="web.src.components.Article">
      <metrics statements="9" coveredstatements="4" conditionals="5" coveredconditionals="5" methods="4" coveredmethods="2"/>
      <file name="Article.jsx" path="/Users/josiahayres/GitHub/redwood-tutorial/web/src/components/Article/Article.jsx">
        <metrics statements="4" coveredstatements="4" conditionals="5" coveredconditionals="5" methods="2" coveredmethods="2"/>
        <line num="6" count="3" type="stmt"/>
        <line num="7" count="5" type="stmt"/>
        <line num="10" count="3" type="cond" truecount="1" falsecount="0"/>
        <line num="11" count="8" type="stmt"/>
      </file>
      <file name="Article.stories.js" path="/Users/josiahayres/GitHub/redwood-tutorial/web/src/components/Article/Article.stories.js">
        <metrics statements="5" coveredstatements="0" conditionals="0" coveredconditionals="0" methods="2" coveredmethods="0"/>
        <line num="3" count="0" type="stmt"/>
        <line num="9" count="0" type="stmt"/>
        <line num="10" count="0" type="stmt"/>
        <line num="13" count="0" type="stmt"/>
        <line num="14" count="0" type="stmt"/>
      </file>
    </package>
    <package name="web.src.components.ArticlesCell">
      <metrics statements="9" coveredstatements="9" conditionals="0" coveredconditionals="0" methods="6" coveredmethods="6"/>
      <file name="ArticlesCell.js" path="/Users/josiahayres/GitHub/redwood-tutorial/web/src/components/ArticlesCell/ArticlesCell.js">
        <metrics statements="7" coveredstatements="7" conditionals="0" coveredconditionals="0" methods="5" coveredmethods="5"/>
        <line num="3" count="1" type="stmt"/>
        <line num="14" count="1" type="stmt"/>
        <line num="16" count="1" type="stmt"/>
        <line num="18" count="1" type="stmt"/>
        <line num="20" count="1" type="stmt"/>
        <line num="21" count="1" type="stmt"/>
        <line num="24" count="2" type="stmt"/>
      </file>
      <file name="ArticlesCell.mock.js" path="/Users/josiahayres/GitHub/redwood-tutorial/web/src/components/ArticlesCell/ArticlesCell.mock.js">
        <metrics statements="2" coveredstatements="2" conditionals="0" coveredconditionals="0" methods="1" coveredmethods="1"/>
        <line num="2" count="7" type="stmt"/>
        <line num="3" count="1" type="stmt"/>
      </file>
    </package>
    <package name="web.src.components.Comment">
      <metrics statements="8" coveredstatements="6" conditionals="0" coveredconditionals="0" methods="3" coveredmethods="2"/>
      <file name="Comment.stories.js" path="/Users/josiahayres/GitHub/redwood-tutorial/web/src/components/Comment/Comment.stories.js">
        <metrics statements="2" coveredstatements="0" conditionals="0" coveredconditionals="0" methods="1" coveredmethods="0"/>
        <line num="3" count="0" type="stmt"/>
        <line num="4" count="0" type="stmt"/>
      </file>
      <file name="Comment.tsx" path="/Users/josiahayres/GitHub/redwood-tutorial/web/src/components/Comment/Comment.tsx">
        <metrics statements="6" coveredstatements="6" conditionals="0" coveredconditionals="0" methods="2" coveredmethods="2"/>
        <line num="1" count="6" type="stmt"/>
        <line num="2" count="5" type="stmt"/>
        <line num="3" count="5" type="stmt"/>
        <line num="4" count="5" type="stmt"/>
        <line num="16" count="6" type="stmt"/>
        <line num="17" count="5" type="stmt"/>
      </file>
    </package>
    <package name="web.src.components.CommentForm">
      <metrics statements="15" coveredstatements="6" conditionals="2" coveredconditionals="1" methods="5" coveredmethods="1"/>
      <file name="CommentForm.js" path="/Users/josiahayres/GitHub/redwood-tutorial/web/src/components/CommentForm/CommentForm.js">
        <metrics statements="9" coveredstatements="6" conditionals="2" coveredconditionals="1" methods="3" coveredmethods="1"/>
        <line num="16" count="4" type="stmt"/>
        <line num="27" count="4" type="stmt"/>
        <line num="28" count="4" type="stmt"/>
        <line num="30" count="4" type="stmt"/>
        <line num="34" count="0" type="stmt"/>
        <line num="35" count="0" type="stmt"/>
        <line num="39" count="4" type="stmt"/>
        <line num="40" count="0" type="stmt"/>
        <line num="43" count="4" type="stmt"/>
      </file>
      <file name="CommentForm.stories.js" path="/Users/josiahayres/GitHub/redwood-tutorial/web/src/components/CommentForm/CommentForm.stories.js">
        <metrics statements="6" coveredstatements="0" conditionals="0" coveredconditionals="0" methods="2" coveredmethods="0"/>
        <line num="3" count="0" type="stmt"/>
        <line num="4" count="0" type="stmt"/>
        <line num="5" count="0" type="stmt"/>
        <line num="6" count="0" type="stmt"/>
        <line num="8" count="0" type="stmt"/>
        <line num="18" count="0" type="stmt"/>
      </file>
    </package>
    <package name="web.src.components.CommentsCell">
      <metrics statements="18" coveredstatements="10" conditionals="8" coveredconditionals="0" methods="10" coveredmethods="6"/>
      <file name="CommentsCell.mock.js" path="/Users/josiahayres/GitHub/redwood-tutorial/web/src/components/CommentsCell/CommentsCell.mock.js">
        <metrics statements="1" coveredstatements="1" conditionals="0" coveredconditionals="0" methods="1" coveredmethods="1"/>
        <line num="1" count="7" type="stmt"/>
      </file>
      <file name="CommentsCell.stories.js" path="/Users/josiahayres/GitHub/redwood-tutorial/web/src/components/CommentsCell/CommentsCell.stories.js">
        <metrics statements="8" coveredstatements="0" conditionals="8" coveredconditionals="0" methods="4" coveredmethods="0"/>
        <line num="4" count="0" type="stmt"/>
        <line num="5" count="0" type="cond" truecount="0" falsecount="2"/>
        <line num="8" count="0" type="stmt"/>
        <line num="9" count="0" type="cond" truecount="0" falsecount="2"/>
        <line num="12" count="0" type="stmt"/>
        <line num="13" count="0" type="cond" truecount="0" falsecount="2"/>
        <line num="16" count="0" type="stmt"/>
        <line num="17" count="0" type="cond" truecount="0" falsecount="2"/>
      </file>
      <file name="CommentsCell.tsx" path="/Users/josiahayres/GitHub/redwood-tutorial/web/src/components/CommentsCell/CommentsCell.tsx">
        <metrics statements="9" coveredstatements="9" conditionals="0" coveredconditionals="0" methods="5" coveredmethods="5"/>
        <line num="7" count="5" type="stmt"/>
        <line num="18" count="5" type="stmt"/>
        <line num="20" count="5" type="stmt"/>
        <line num="21" count="1" type="stmt"/>
        <line num="24" count="5" type="stmt"/>
        <line num="25" count="1" type="stmt"/>
        <line num="28" count="5" type="stmt"/>
        <line num="29" count="2" type="stmt"/>
        <line num="32" count="4" type="stmt"/>
      </file>
    </package>
    <package name="web.src.layouts.BlogLayout">
      <metrics statements="3" coveredstatements="3" conditionals="4" coveredconditionals="4" methods="1" coveredmethods="1"/>
      <file name="BlogLayout.js" path="/Users/josiahayres/GitHub/redwood-tutorial/web/src/layouts/BlogLayout/BlogLayout.js">
        <metrics statements="3" coveredstatements="3" conditionals="4" coveredconditionals="4" methods="1" coveredmethods="1"/>
        <line num="4" count="7" type="stmt"/>
        <line num="5" count="6" type="stmt"/>
        <line num="7" count="6" type="stmt"/>
      </file>
    </package>
  </project>
</coverage>
