TN:
SF:api/src/graphql/comments.sdl.js
FNF:0
FNH:0
DA:1,0
LF:1
LH:0
BRF:0
BRH:0
end_of_record
TN:
SF:api/src/services/comments/comments.scenarios.js
FNF:0
FNH:0
DA:1,1
DA:30,1
LF:2
LH:2
BRF:0
BRH:0
end_of_record
TN:
SF:api/src/services/comments/comments.ts
FN:7,(anonymous_0)
FN:11,(anonymous_1)
FN:18,(anonymous_2)
FN:26,(anonymous_3)
FN:32,(anonymous_4)
FNF:5
FNH:2
FNDA:1,(anonymous_0)
FNDA:0,(anonymous_1)
FNDA:0,(anonymous_2)
FNDA:1,(anonymous_3)
FNDA:0,(anonymous_4)
DA:7,1
DA:8,1
DA:11,1
DA:12,0
DA:17,1
DA:19,0
DA:26,1
DA:27,1
DA:32,1
DA:33,0
LF:10
LH:7
BRF:0
BRH:0
end_of_record
TN:
SF:web/src/components/Article/Article.jsx
FN:6,(anonymous_0)
FN:10,(anonymous_1)
FNF:2
FNH:2
FNDA:5,(anonymous_0)
FNDA:8,(anonymous_1)
DA:6,3
DA:7,5
DA:10,3
DA:11,8
LF:4
LH:4
BRDA:10,0,0,3
BRDA:19,1,0,5
BRDA:19,1,1,3
BRDA:21,2,0,8
BRDA:21,2,1,3
BRF:5
BRH:5
end_of_record
TN:
SF:web/src/components/Article/Article.stories.js
FN:9,(anonymous_0)
FN:13,(anonymous_1)
FNF:2
FNH:0
FNDA:0,(anonymous_0)
FNDA:0,(anonymous_1)
DA:3,0
DA:9,0
DA:10,0
DA:13,0
DA:14,0
LF:5
LH:0
BRF:0
BRH:0
end_of_record
TN:
SF:web/src/components/ArticlesCell/ArticlesCell.js
FN:14,(anonymous_0)
FN:16,(anonymous_1)
FN:18,(anonymous_2)
FN:20,(anonymous_3)
FN:23,(anonymous_4)
FNF:5
FNH:5
FNDA:1,(anonymous_0)
FNDA:1,(anonymous_1)
FNDA:1,(anonymous_2)
FNDA:1,(anonymous_3)
FNDA:2,(anonymous_4)
DA:3,1
DA:14,1
DA:16,1
DA:18,1
DA:20,1
DA:21,1
DA:24,2
LF:7
LH:7
BRF:0
BRH:0
end_of_record
TN:
SF:web/src/components/ArticlesCell/ArticlesCell.mock.js
FN:2,(anonymous_0)
FNF:1
FNH:1
FNDA:1,(anonymous_0)
DA:2,7
DA:3,1
LF:2
LH:2
BRF:0
BRH:0
end_of_record
TN:
SF:web/src/components/Comment/Comment.stories.js
FN:3,(anonymous_0)
FNF:1
FNH:0
FNDA:0,(anonymous_0)
DA:3,0
DA:4,0
LF:2
LH:0
BRF:0
BRH:0
end_of_record
TN:
SF:web/src/components/Comment/Comment.tsx
FN:1,(anonymous_0)
FN:16,(anonymous_1)
FNF:2
FNH:2
FNDA:5,(anonymous_0)
FNDA:5,(anonymous_1)
DA:1,6
DA:2,5
DA:3,5
DA:4,5
DA:16,6
DA:17,5
LF:6
LH:6
BRF:0
BRH:0
end_of_record
TN:
SF:web/src/components/CommentForm/CommentForm.js
FN:27,(anonymous_0)
FN:33,(anonymous_1)
FN:39,(anonymous_2)
FNF:3
FNH:1
FNDA:4,(anonymous_0)
FNDA:0,(anonymous_1)
FNDA:0,(anonymous_2)
DA:16,4
DA:27,4
DA:28,4
DA:30,4
DA:34,0
DA:35,0
DA:39,4
DA:40,0
DA:43,4
LF:9
LH:6
BRDA:44,0,0,0
BRDA:44,0,1,4
BRF:2
BRH:1
end_of_record
TN:
SF:web/src/components/CommentForm/CommentForm.stories.js
FN:3,(anonymous_0)
FN:4,(anonymous_1)
FNF:2
FNH:0
FNDA:0,(anonymous_0)
FNDA:0,(anonymous_1)
DA:3,0
DA:4,0
DA:5,0
DA:6,0
DA:8,0
DA:18,0
LF:6
LH:0
BRF:0
BRH:0
end_of_record
TN:
SF:web/src/components/CommentsCell/CommentsCell.mock.js
FN:1,(anonymous_0)
FNF:1
FNH:1
FNDA:6,(anonymous_0)
DA:1,7
LF:1
LH:1
BRF:0
BRH:0
end_of_record
TN:
SF:web/src/components/CommentsCell/CommentsCell.stories.js
FN:4,(anonymous_0)
FN:8,(anonymous_1)
FN:12,(anonymous_2)
FN:16,(anonymous_3)
FNF:4
FNH:0
FNDA:0,(anonymous_0)
FNDA:0,(anonymous_1)
FNDA:0,(anonymous_2)
FNDA:0,(anonymous_3)
DA:4,0
DA:5,0
DA:8,0
DA:9,0
DA:12,0
DA:13,0
DA:16,0
DA:17,0
LF:8
LH:0
BRDA:5,0,0,0
BRDA:5,0,1,0
BRDA:9,1,0,0
BRDA:9,1,1,0
BRDA:13,2,0,0
BRDA:13,2,1,0
BRDA:17,3,0,0
BRDA:17,3,1,0
BRF:8
BRH:0
end_of_record
TN:
SF:web/src/components/CommentsCell/CommentsCell.tsx
FN:18,(anonymous_0)
FN:20,(anonymous_1)
FN:24,(anonymous_2)
FN:28,(anonymous_3)
FN:31,(anonymous_4)
FNF:5
FNH:5
FNDA:4,(anonymous_0)
FNDA:1,(anonymous_1)
FNDA:1,(anonymous_2)
FNDA:2,(anonymous_3)
FNDA:4,(anonymous_4)
DA:7,5
DA:18,5
DA:20,5
DA:21,1
DA:24,5
DA:25,1
DA:28,5
DA:29,2
DA:32,4
LF:9
LH:9
BRF:0
BRH:0
end_of_record
TN:
SF:web/src/layouts/BlogLayout/BlogLayout.js
FN:4,(anonymous_0)
FNF:1
FNH:1
FNDA:6,(anonymous_0)
DA:4,7
DA:5,6
DA:7,6
LF:3
LH:3
BRDA:39,0,0,2
BRDA:39,0,1,4
BRDA:52,1,0,6
BRDA:52,1,1,2
BRF:4
BRH:4
end_of_record
